<?xml version="1.0" encoding="UTF-8"?>
<testng-results skipped="0" failed="0" total="1" passed="1">
  <reporter-output>
  </reporter-output>
  <suite name="Suite" duration-ms="10608" started-at="2016-11-24T16:22:02Z" finished-at="2016-11-24T16:22:12Z">
    <groups>
    </groups>
    <test name="Test" duration-ms="10608" started-at="2016-11-24T16:22:02Z" finished-at="2016-11-24T16:22:12Z">
      <class name="com.NewTest">
        <test-method status="PASS" signature="beforeTest()[pri:0, instance:com.NewTest@39c0f4a]" name="beforeTest" is-config="true" duration-ms="12" started-at="2016-11-24T16:22:02Z" finished-at="2016-11-24T16:22:02Z">
          <reporter-output>
          </reporter-output>
        </test-method> <!-- beforeTest -->
        <test-method status="PASS" signature="f()[pri:0, instance:com.NewTest@39c0f4a]" name="f" duration-ms="10566" started-at="2016-11-24T16:22:02Z" finished-at="2016-11-24T16:22:12Z">
          <reporter-output>
          </reporter-output>
        </test-method> <!-- f -->
        <test-method status="PASS" signature="afterTest()[pri:0, instance:com.NewTest@39c0f4a]" name="afterTest" is-config="true" duration-ms="1" started-at="2016-11-24T16:22:12Z" finished-at="2016-11-24T16:22:12Z">
          <reporter-output>
          </reporter-output>
        </test-method> <!-- afterTest -->
      </class> <!-- com.NewTest -->
    </test> <!-- Test -->
  </suite> <!-- Suite -->
</testng-results>
